2020-03-20 02:08:01.893 [main] INFO  o.s.c.a.AnnotationConfigApplicationContext
				-Refreshing org.springframework.context.annotation.AnnotationConfigApplicationContext@4e50c791: startup date [Fri Mar 20 02:08:01 CST 2020]; root of context hierarchy
2020-03-20 02:08:02.046 [main] INFO  o.s.b.f.a.AutowiredAnnotationBeanPostProcessor
				-JSR-330 'javax.inject.Inject' annotation found and supported for autowiring
2020-03-20 02:08:02.067 [main] INFO  o.s.c.s.PostProcessorRegistrationDelegate$BeanPostProcessorChecker
				-Bean 'configurationPropertiesRebinderAutoConfiguration' of type [org.springframework.cloud.autoconfigure.ConfigurationPropertiesRebinderAutoConfiguration$$EnhancerBySpringCGLIB$$4e824d73] is not eligible for getting processed by all BeanPostProcessors (for example: not eligible for auto-proxying)
2020-03-20 02:08:02.656 [main] INFO  c.k.c.Ch45EurekaServerApplication
				-No active profile set, falling back to default profiles: default
2020-03-20 02:08:02.667 [main] INFO  o.s.b.w.s.c.AnnotationConfigServletWebServerApplicationContext
				-Refreshing org.springframework.boot.web.servlet.context.AnnotationConfigServletWebServerApplicationContext@5460cf3a: startup date [Fri Mar 20 02:08:02 CST 2020]; parent: org.springframework.context.annotation.AnnotationConfigApplicationContext@4e50c791
2020-03-20 02:08:03.805 [main] INFO  o.s.cloud.context.scope.GenericScope
				-BeanFactory id=2dedec6e-2319-3156-a5df-27ebf431d85b
2020-03-20 02:08:03.820 [main] INFO  o.s.b.f.a.AutowiredAnnotationBeanPostProcessor
				-JSR-330 'javax.inject.Inject' annotation found and supported for autowiring
2020-03-20 02:08:03.906 [main] INFO  o.s.c.s.PostProcessorRegistrationDelegate$BeanPostProcessorChecker
				-Bean 'org.springframework.cloud.autoconfigure.ConfigurationPropertiesRebinderAutoConfiguration' of type [org.springframework.cloud.autoconfigure.ConfigurationPropertiesRebinderAutoConfiguration$$EnhancerBySpringCGLIB$$4e824d73] is not eligible for getting processed by all BeanPostProcessors (for example: not eligible for auto-proxying)
2020-03-20 02:08:04.258 [main] INFO  org.xnio
				-XNIO version 3.3.8.Final
2020-03-20 02:08:04.277 [main] INFO  org.xnio.nio
				-XNIO NIO Implementation Version 3.3.8.Final
2020-03-20 02:08:04.310 [main] WARN  io.undertow.websockets.jsr
				-UT026009: XNIO worker was not set on WebSocketDeploymentInfo, the default worker will be used
2020-03-20 02:08:04.311 [main] WARN  io.undertow.websockets.jsr
				-UT026010: Buffer pool was not set on WebSocketDeploymentInfo, the default pool will be used
2020-03-20 02:08:04.335 [main] INFO  io.undertow.servlet
				-Initializing Spring embedded WebApplicationContext
2020-03-20 02:08:04.335 [main] INFO  o.s.web.context.ContextLoader
				-Root WebApplicationContext: initialization completed in 1668 ms
2020-03-20 02:08:04.496 [main] WARN  c.n.c.sources.URLConfigurationSource
				-No URLs will be polled as dynamic configuration sources.
2020-03-20 02:08:04.496 [main] INFO  c.n.c.sources.URLConfigurationSource
				-To enable URLs as dynamic configuration sources, define System property archaius.configurationSource.additionalUrls or make config.properties available on classpath.
2020-03-20 02:08:04.508 [main] INFO  c.n.config.DynamicPropertyFactory
				-DynamicPropertyFactory is initialized with configuration sources: com.netflix.config.ConcurrentCompositeConfiguration@5e048149
2020-03-20 02:08:06.011 [main] INFO  o.s.b.w.s.FilterRegistrationBean
				-Mapping filter: 'characterEncodingFilter' to: [/*]
2020-03-20 02:08:06.011 [main] INFO  o.s.b.w.s.FilterRegistrationBean
				-Mapping filter: 'hiddenHttpMethodFilter' to: [/*]
2020-03-20 02:08:06.012 [main] INFO  o.s.b.w.s.FilterRegistrationBean
				-Mapping filter: 'httpPutFormContentFilter' to: [/*]
2020-03-20 02:08:06.012 [main] INFO  o.s.b.w.s.FilterRegistrationBean
				-Mapping filter: 'requestContextFilter' to: [/*]
2020-03-20 02:08:06.012 [main] INFO  o.s.b.w.s.FilterRegistrationBean
				-Mapping filter: 'httpTraceFilter' to: [/*]
2020-03-20 02:08:06.012 [main] INFO  o.s.b.w.s.FilterRegistrationBean
				-Mapping filter: 'webMvcMetricsFilter' to: [/*]
2020-03-20 02:08:06.012 [main] INFO  o.s.b.w.s.FilterRegistrationBean
				-Mapping filter: 'servletContainer' to urls: [/eureka/*]
2020-03-20 02:08:06.012 [main] INFO  o.s.b.w.s.ServletRegistrationBean
				-Servlet dispatcherServlet mapped to [/]
2020-03-20 02:08:06.063 [main] WARN  o.s.c.n.a.ArchaiusAutoConfiguration
				-No spring.application.name found, defaulting to 'application'
2020-03-20 02:08:06.063 [main] WARN  c.n.c.sources.URLConfigurationSource
				-No URLs will be polled as dynamic configuration sources.
2020-03-20 02:08:06.063 [main] INFO  c.n.c.sources.URLConfigurationSource
				-To enable URLs as dynamic configuration sources, define System property archaius.configurationSource.additionalUrls or make config.properties available on classpath.
2020-03-20 02:08:06.119 [main] INFO  o.s.w.s.h.SimpleUrlHandlerMapping
				-Mapped URL path [/**/favicon.ico] onto handler of type [class org.springframework.web.servlet.resource.ResourceHttpRequestHandler]
2020-03-20 02:08:06.264 [main] INFO  o.s.w.s.m.m.a.RequestMappingHandlerAdapter
				-Looking for @ControllerAdvice: org.springframework.boot.web.servlet.context.AnnotationConfigServletWebServerApplicationContext@5460cf3a: startup date [Fri Mar 20 02:08:02 CST 2020]; parent: org.springframework.context.annotation.AnnotationConfigApplicationContext@4e50c791
2020-03-20 02:08:06.316 [main] INFO  o.s.w.s.m.m.a.RequestMappingHandlerMapping
				-Mapped "{[/error]}" onto public org.springframework.http.ResponseEntity<java.util.Map<java.lang.String, java.lang.Object>> org.springframework.boot.autoconfigure.web.servlet.error.BasicErrorController.error(javax.servlet.http.HttpServletRequest)
2020-03-20 02:08:06.317 [main] INFO  o.s.w.s.m.m.a.RequestMappingHandlerMapping
				-Mapped "{[/error],produces=[text/html]}" onto public org.springframework.web.servlet.ModelAndView org.springframework.boot.autoconfigure.web.servlet.error.BasicErrorController.errorHtml(javax.servlet.http.HttpServletRequest,javax.servlet.http.HttpServletResponse)
2020-03-20 02:08:06.323 [main] INFO  o.s.w.s.m.m.a.RequestMappingHandlerMapping
				-Mapped "{[/],methods=[GET]}" onto public java.lang.String org.springframework.cloud.netflix.eureka.server.EurekaController.status(javax.servlet.http.HttpServletRequest,java.util.Map<java.lang.String, java.lang.Object>)
2020-03-20 02:08:06.323 [main] INFO  o.s.w.s.m.m.a.RequestMappingHandlerMapping
				-Mapped "{[/lastn],methods=[GET]}" onto public java.lang.String org.springframework.cloud.netflix.eureka.server.EurekaController.lastn(javax.servlet.http.HttpServletRequest,java.util.Map<java.lang.String, java.lang.Object>)
2020-03-20 02:08:06.341 [main] INFO  o.s.w.s.h.SimpleUrlHandlerMapping
				-Mapped URL path [/webjars/**] onto handler of type [class org.springframework.web.servlet.resource.ResourceHttpRequestHandler]
2020-03-20 02:08:06.342 [main] INFO  o.s.w.s.h.SimpleUrlHandlerMapping
				-Mapped URL path [/**] onto handler of type [class org.springframework.web.servlet.resource.ResourceHttpRequestHandler]
2020-03-20 02:08:06.664 [main] INFO  o.s.u.f.SpringTemplateLoader
				-SpringTemplateLoader for FreeMarker: using resource loader [org.springframework.boot.web.servlet.context.AnnotationConfigServletWebServerApplicationContext@5460cf3a: startup date [Fri Mar 20 02:08:02 CST 2020]; parent: org.springframework.context.annotation.AnnotationConfigApplicationContext@4e50c791] and template loader path [classpath:/templates/]
2020-03-20 02:08:06.664 [main] INFO  o.s.w.s.v.f.FreeMarkerConfigurer
				-ClassTemplateLoader for Spring macros added to FreeMarker configuration
2020-03-20 02:08:06.950 [main] INFO  o.s.c.n.eureka.InstanceInfoFactory
				-Setting initial instance status as: STARTING
2020-03-20 02:08:06.990 [main] INFO  c.netflix.discovery.DiscoveryClient
				-Initializing Eureka in region us-east-1
2020-03-20 02:08:06.990 [main] INFO  c.netflix.discovery.DiscoveryClient
				-Client configured to neither register nor query for data.
2020-03-20 02:08:06.998 [main] INFO  c.netflix.discovery.DiscoveryClient
				-Discovery Client initialized at timestamp 1584641286997 with initial instances count: 0
2020-03-20 02:08:07.039 [main] INFO  c.n.e.DefaultEurekaServerContext
				-Initializing ...
2020-03-20 02:08:07.040 [main] WARN  c.n.eureka.cluster.PeerEurekaNodes
				-The replica size seems to be empty. Check the route 53 DNS Registry
2020-03-20 02:08:07.053 [main] INFO  c.n.e.r.AbstractInstanceRegistry
				-Finished initializing remote region registries. All known remote regions: []
2020-03-20 02:08:07.054 [main] INFO  c.n.e.DefaultEurekaServerContext
				-Initialized
2020-03-20 02:08:07.067 [main] INFO  o.s.b.a.e.web.EndpointLinksResolver
				-Exposing 2 endpoint(s) beneath base path '/actuator'
2020-03-20 02:08:07.077 [main] INFO  o.s.b.a.e.w.s.WebMvcEndpointHandlerMapping
				-Mapped "{[/actuator/health],methods=[GET],produces=[application/vnd.spring-boot.actuator.v2+json || application/json]}" onto public java.lang.Object org.springframework.boot.actuate.endpoint.web.servlet.AbstractWebMvcEndpointHandlerMapping$OperationHandler.handle(javax.servlet.http.HttpServletRequest,java.util.Map<java.lang.String, java.lang.String>)
2020-03-20 02:08:07.078 [main] INFO  o.s.b.a.e.w.s.WebMvcEndpointHandlerMapping
				-Mapped "{[/actuator/info],methods=[GET],produces=[application/vnd.spring-boot.actuator.v2+json || application/json]}" onto public java.lang.Object org.springframework.boot.actuate.endpoint.web.servlet.AbstractWebMvcEndpointHandlerMapping$OperationHandler.handle(javax.servlet.http.HttpServletRequest,java.util.Map<java.lang.String, java.lang.String>)
2020-03-20 02:08:07.078 [main] INFO  o.s.b.a.e.w.s.WebMvcEndpointHandlerMapping
				-Mapped "{[/actuator],methods=[GET],produces=[application/vnd.spring-boot.actuator.v2+json || application/json]}" onto protected java.util.Map<java.lang.String, java.util.Map<java.lang.String, org.springframework.boot.actuate.endpoint.web.Link>> org.springframework.boot.actuate.endpoint.web.servlet.WebMvcEndpointHandlerMapping.links(javax.servlet.http.HttpServletRequest,javax.servlet.http.HttpServletResponse)
2020-03-20 02:08:07.122 [main] INFO  o.s.j.e.a.AnnotationMBeanExporter
				-Registering beans for JMX exposure on startup
2020-03-20 02:08:07.129 [main] INFO  o.s.j.e.a.AnnotationMBeanExporter
				-Bean with name 'environmentManager' has been autodetected for JMX exposure
2020-03-20 02:08:07.130 [main] INFO  o.s.j.e.a.AnnotationMBeanExporter
				-Bean with name 'configurationPropertiesRebinder' has been autodetected for JMX exposure
2020-03-20 02:08:07.131 [main] INFO  o.s.j.e.a.AnnotationMBeanExporter
				-Bean with name 'refreshScope' has been autodetected for JMX exposure
2020-03-20 02:08:07.133 [main] INFO  o.s.j.e.a.AnnotationMBeanExporter
				-Located managed bean 'environmentManager': registering with JMX server as MBean [org.springframework.cloud.context.environment:name=environmentManager,type=EnvironmentManager]
2020-03-20 02:08:07.140 [main] INFO  o.s.j.e.a.AnnotationMBeanExporter
				-Located managed bean 'refreshScope': registering with JMX server as MBean [org.springframework.cloud.context.scope.refresh:name=refreshScope,type=RefreshScope]
2020-03-20 02:08:07.147 [main] INFO  o.s.j.e.a.AnnotationMBeanExporter
				-Located managed bean 'configurationPropertiesRebinder': registering with JMX server as MBean [org.springframework.cloud.context.properties:name=configurationPropertiesRebinder,context=5460cf3a,type=ConfigurationPropertiesRebinder]
2020-03-20 02:08:07.156 [main] INFO  o.s.c.s.DefaultLifecycleProcessor
				-Starting beans in phase 0
2020-03-20 02:08:07.157 [main] INFO  o.s.c.n.e.s.EurekaServiceRegistry
				-Registering application unknown with eureka with status UP
2020-03-20 02:08:07.160 [Thread-13] INFO  o.s.c.n.e.s.EurekaServerBootstrap
				-Setting the eureka configuration..
2020-03-20 02:08:07.161 [Thread-13] INFO  o.s.c.n.e.s.EurekaServerBootstrap
				-Eureka data center value eureka.datacenter is not set, defaulting to default
2020-03-20 02:08:07.161 [Thread-13] INFO  o.s.c.n.e.s.EurekaServerBootstrap
				-Eureka environment value eureka.environment is not set, defaulting to test
2020-03-20 02:08:07.181 [Thread-13] INFO  o.s.c.n.e.s.EurekaServerBootstrap
				-isAws returned false
2020-03-20 02:08:07.181 [Thread-13] INFO  o.s.c.n.e.s.EurekaServerBootstrap
				-Initialized server context
2020-03-20 02:08:07.181 [Thread-13] INFO  c.n.e.r.PeerAwareInstanceRegistryImpl
				-Got 1 instances from neighboring DS node
2020-03-20 02:08:07.181 [Thread-13] INFO  c.n.e.r.PeerAwareInstanceRegistryImpl
				-Renew threshold is: 1
2020-03-20 02:08:07.182 [Thread-13] INFO  c.n.e.r.PeerAwareInstanceRegistryImpl
				-Changing status to UP
2020-03-20 02:08:07.193 [Thread-13] INFO  o.s.c.n.e.s.EurekaServerInitializerConfiguration
				-Started Eureka Server
2020-03-20 02:08:07.235 [main] INFO  c.s.j.s.i.a.WebApplicationImpl
				-Initiating Jersey application, version 'Jersey: 1.19.1 03/11/2016 02:08 PM'
2020-03-20 02:08:07.298 [main] INFO  c.n.d.p.DiscoveryJerseyProvider
				-Using JSON encoding codec LegacyJacksonJson
2020-03-20 02:08:07.298 [main] INFO  c.n.d.p.DiscoveryJerseyProvider
				-Using JSON decoding codec LegacyJacksonJson
2020-03-20 02:08:07.298 [main] INFO  c.n.d.p.DiscoveryJerseyProvider
				-Using XML encoding codec XStreamXml
2020-03-20 02:08:07.298 [main] INFO  c.n.d.p.DiscoveryJerseyProvider
				-Using XML decoding codec XStreamXml
2020-03-20 02:08:07.617 [main] INFO  o.s.b.w.e.u.UndertowServletWebServer
				-Undertow started on port(s) 8761 (http) with context path ''
2020-03-20 02:08:07.618 [main] INFO  o.s.c.n.e.s.EurekaAutoServiceRegistration
				-Updating port to 8761
2020-03-20 02:08:07.620 [main] INFO  c.k.c.Ch45EurekaServerApplication
				-Started Ch45EurekaServerApplication in 6.6 seconds (JVM running for 7.938)
2020-03-20 02:09:07.190 [Eureka-EvictionTimer] INFO  c.n.e.r.AbstractInstanceRegistry
				-Running the evict task with compensationTime 0ms
